# JRE version: OpenJDK Runtime Environment Temurin-21.0.10+7 (21.0.10+7) (build 21.0.10+7-LTS)
# Java VM: OpenJDK 64-Bit Server VM Temurin-21.0.10+7 (21.0.10+7-LTS, mixed mode, sharing, tiered, compressed oops, compressed class ptrs, g1 gc, windows-amd64)
GC Precious Log:
 CardTable entry size: 512
 Card Set container configuration: InlinePtr #cards 4 size 8 Array Of Cards #cards 32 size 80 Howl #buckets 8 coarsen threshold 7372 Howl Bitmap #cards 1024 size 144 coarsen threshold 921 Card regions per heap region 1 cards per card region 8192
 CPUs: 12 total, 12 available
 Memory: 16052M
 Large Page Support: Disabled
 NUMA Support: Disabled
 Compressed Oops: Enabled (Zero based)
 Heap Region Size: 4M
 Heap Min Capacity: 8M
 Heap Initial Capacity: 252M
 Heap Max Capacity: 8G
 Pre-touch: Disabled
 Parallel Workers: 10
 Concurrent Workers: 3
 Concurrent Refinement Workers: 10
 Periodic GC: Disabled
Heap:
 garbage-first heap   total 151552K, used 110660K [0x0000000600000000, 0x0000000800000000)
  region size 4096K, 12 young (49152K), 2 survivors (8192K)
 Metaspace       used 77117K, committed 79296K, reserved 1179648K
  class space    used 11266K, committed 12352K, reserved 1048576K
GC Heap History (20 events):
Event: 19.192 GC heap before
{Heap before GC invocations=9 (full 0):
 garbage-first heap   total 118784K, used 97794K [0x0000000600000000, 0x0000000800000000)
  region size 4096K, 17 young (69632K), 1 survivors (4096K)
 Metaspace       used 41886K, committed 43456K, reserved 1114112K
  class space    used 6105K, committed 6848K, reserved 1048576K
}
Event: 19.208 GC heap after
{Heap after GC invocations=10 (full 0):
 garbage-first heap   total 118784K, used 36050K [0x0000000600000000, 0x0000000800000000)
  region size 4096K, 2 young (8192K), 2 survivors (8192K)
 Metaspace       used 41886K, committed 43456K, reserved 1114112K
  class space    used 6105K, committed 6848K, reserved 1048576K
}
Event: 21.795 GC heap before
{Heap before GC invocations=10 (full 0):
 garbage-first heap   total 118784K, used 97490K [0x0000000600000000, 0x0000000800000000)
  region size 4096K, 17 young (69632K), 2 survivors (8192K)
 Metaspace       used 46332K, committed 48000K, reserved 1114112K
  class space    used 6852K, committed 7680K, reserved 1048576K
}
Event: 21.814 GC heap after
{Heap after GC invocations=11 (full 0):
 garbage-first heap   total 118784K, used 38441K [0x0000000600000000, 0x0000000800000000)
  region size 4096K, 3 young (12288K), 3 survivors (12288K)
 Metaspace       used 46332K, committed 48000K, reserved 1114112K
  class space    used 6852K, committed 7680K, reserved 1048576K
}
Event: 24.775 GC heap before
{Heap before GC invocations=11 (full 0):
 garbage-first heap   total 118784K, used 95785K [0x0000000600000000, 0x0000000800000000)
  region size 4096K, 17 young (69632K), 3 survivors (12288K)
 Metaspace       used 50592K, committed 52352K, reserved 1114112K
  class space    used 7513K, committed 8384K, reserved 1048576K
}
Event: 24.803 GC heap after
{Heap after GC invocations=12 (full 0):
 garbage-first heap   total 118784K, used 42229K [0x0000000600000000, 0x0000000800000000)
  region size 4096K, 3 young (12288K), 3 survivors (12288K)
 Metaspace       used 50592K, committed 52352K, reserved 1114112K
  class space    used 7513K, committed 8384K, reserved 1048576K
}
Event: 27.220 GC heap before
{Heap before GC invocations=12 (full 0):
 garbage-first heap   total 118784K, used 103669K [0x0000000600000000, 0x0000000800000000)
  region size 4096K, 17 young (69632K), 3 survivors (12288K)
 Metaspace       used 56068K, committed 57856K, reserved 1114112K
  class space    used 8316K, committed 9216K, reserved 1048576K
}
Event: 27.248 GC heap after
{Heap after GC invocations=13 (full 0):
 garbage-first heap   total 122880K, used 52110K [0x0000000600000000, 0x0000000800000000)
  region size 4096K, 3 young (12288K), 3 survivors (12288K)
 Metaspace       used 56068K, committed 57856K, reserved 1114112K
  class space    used 8316K, committed 9216K, reserved 1048576K
}
Event: 28.015 GC heap before
{Heap before GC invocations=13 (full 0):
 garbage-first heap   total 122880K, used 64398K [0x0000000600000000, 0x0000000800000000)
  region size 4096K, 8 young (32768K), 3 survivors (12288K)
 Metaspace       used 58166K, committed 60096K, reserved 1114112K
  class space    used 8586K, committed 9600K, reserved 1048576K
}
Event: 28.035 GC heap after
{Heap after GC invocations=14 (full 0):
 garbage-first heap   total 147456K, used 54324K [0x0000000600000000, 0x0000000800000000)
  region size 4096K, 1 young (4096K), 1 survivors (4096K)
 Metaspace       used 58166K, committed 60096K, reserved 1114112K
  class space    used 8586K, committed 9600K, reserved 1048576K
}
Event: 31.362 GC heap before
{Heap before GC invocations=15 (full 0):
 garbage-first heap   total 147456K, used 132148K [0x0000000600000000, 0x0000000800000000)
  region size 4096K, 19 young (77824K), 1 survivors (4096K)
 Metaspace       used 63734K, committed 65664K, reserved 1114112K
  class space    used 9383K, committed 10368K, reserved 1048576K
}
Event: 31.372 GC heap after
{Heap after GC invocations=16 (full 0):
 garbage-first heap   total 147456K, used 60414K [0x0000000600000000, 0x0000000800000000)
  region size 4096K, 1 young (4096K), 1 survivors (4096K)
 Metaspace       used 63734K, committed 65664K, reserved 1114112K
  class space    used 9383K, committed 10368K, reserved 1048576K
}
Event: 34.418 GC heap before
{Heap before GC invocations=16 (full 0):
 garbage-first heap   total 147456K, used 125950K [0x0000000600000000, 0x0000000800000000)
  region size 4096K, 18 young (73728K), 1 survivors (4096K)
 Metaspace       used 68304K, committed 70400K, reserved 1114112K
  class space    used 10031K, committed 11072K, reserved 1048576K
}
Event: 34.445 GC heap after
{Heap after GC invocations=17 (full 0):
 garbage-first heap   total 147456K, used 63862K [0x0000000600000000, 0x0000000800000000)
  region size 4096K, 2 young (8192K), 2 survivors (8192K)
 Metaspace       used 68304K, committed 70400K, reserved 1114112K
  class space    used 10031K, committed 11072K, reserved 1048576K
}
Event: 39.042 GC heap before
{Heap before GC invocations=17 (full 0):
 garbage-first heap   total 147456K, used 133494K [0x0000000600000000, 0x0000000800000000)
  region size 4096K, 19 young (77824K), 2 survivors (8192K)
 Metaspace       used 73608K, committed 75712K, reserved 1114112K
  class space    used 10845K, committed 11904K, reserved 1048576K
}
Event: 39.075 GC heap after
{Heap after GC invocations=18 (full 0):
 garbage-first heap   total 151552K, used 70286K [0x0000000600000000, 0x0000000800000000)
  region size 4096K, 3 young (12288K), 3 survivors (12288K)
 Metaspace       used 73608K, committed 75712K, reserved 1114112K
  class space    used 10845K, committed 11904K, reserved 1048576K
}
Event: 79.452 GC heap before
{Heap before GC invocations=18 (full 0):
 garbage-first heap   total 151552K, used 131726K [0x0000000600000000, 0x0000000800000000)
  region size 4096K, 18 young (73728K), 3 survivors (12288K)
 Metaspace       used 76859K, committed 79040K, reserved 1179648K
  class space    used 11250K, committed 12352K, reserved 1048576K
}
Event: 79.486 GC heap after
{Heap after GC invocations=19 (full 0):
 garbage-first heap   total 151552K, used 75178K [0x0000000600000000, 0x0000000800000000)
  region size 4096K, 3 young (12288K), 3 survivors (12288K)
 Metaspace       used 76859K, committed 79040K, reserved 1179648K
  class space    used 11250K, committed 12352K, reserved 1048576K
}
Event: 81.120 GC heap before
{Heap before GC invocations=19 (full 0):
 garbage-first heap   total 151552K, used 132522K [0x0000000600000000, 0x0000000800000000)
  region size 4096K, 17 young (69632K), 3 survivors (12288K)
 Metaspace       used 76965K, committed 79168K, reserved 1179648K
  class space    used 11254K, committed 12352K, reserved 1048576K
}
Event: 81.149 GC heap after
{Heap after GC invocations=20 (full 0):
 garbage-first heap   total 151552K, used 77892K [0x0000000600000000, 0x0000000800000000)
  region size 4096K, 2 young (8192K), 2 survivors (8192K)
 Metaspace       used 76965K, committed 79168K, reserved 1179648K
  class space    used 11254K, committed 12352K, reserved 1048576K
}

